<?xml version="1.0" encoding="UTF-8"?>
<!-- Generated by org.testng.reporters.JUnitReportReporter -->
<testsuite hostname="LAPTOP-6FQI5GQB" failures="0" tests="2" name="testcases.SignInTest" time="36.666" errors="0" timestamp="2022-11-23T12:03:29 ICT" skipped="0">
  <testcase classname="testcases.SignInTest" name="signInPageReadExcelDynamic" time="21.373"/>
  <system-out/>
  <testcase classname="testcases.SignInTest" name="signUpPageReadExcelDynamic" time="15.293"/>
  <system-out/>
</testsuite> <!-- testcases.SignInTest -->
