<?xml version="1.0" encoding="UTF-8"?>
<!-- Generated by org.testng.reporters.JUnitReportReporter -->
<testsuite hostname="LAPTOP-6FQI5GQB" failures="0" tests="3" name="testcases.unitTest" time="48.201" errors="0" timestamp="2022-12-25T21:58:06 ICT" skipped="0">
  <testcase classname="testcases.unitTest" name="signInPageReadExcelDynamic" time="17.917"/>
  <system-out/>
  <testcase classname="testcases.unitTest" name="signUpPageReadExcelDynamic" time="14.465"/>
  <system-out/>
  <testcase classname="testcases.unitTest" name="changePasswordPageReadExcelDynamic" time="15.819"/>
  <system-out/>
</testsuite> <!-- testcases.unitTest -->
