<?xml version="1.0" encoding="UTF-8"?>
<!-- Generated by org.testng.reporters.JUnitReportReporter -->
<testsuite hostname="LAPTOP-6FQI5GQB" failures="0" tests="3" name="testcases.unitTest" time="70.451" errors="0" timestamp="2022-11-25T09:31:26 ICT" skipped="0">
  <testcase classname="testcases.unitTest" name="changePasswordPageReadExcelDynamic" time="25.313"/>
  <system-out/>
  <testcase classname="testcases.unitTest" name="signUpPageReadExcelDynamic" time="20.121"/>
  <system-out/>
  <testcase classname="testcases.unitTest" name="signInPageReadExcelDynamic" time="25.017"/>
  <system-out/>
</testsuite> <!-- testcases.unitTest -->
