<?xml version="1.0" encoding="UTF-8"?>
<!-- Generated by org.testng.reporters.JUnitReportReporter -->
<testsuite hostname="LAPTOP-6FQI5GQB" failures="0" tests="3" name="testcases.unitTest" time="43.880" errors="0" timestamp="2022-11-23T12:50:11 ICT" skipped="0">
  <testcase classname="testcases.unitTest" name="signUpPageReadExcelDynamic" time="15.537"/>
  <system-out/>
  <testcase classname="testcases.unitTest" name="signInPageReadExcelDynamic" time="16.032"/>
  <system-out/>
  <testcase classname="testcases.unitTest" name="changePasswordPageReadExcelDynamic" time="12.311"/>
  <system-out/>
</testsuite> <!-- testcases.unitTest -->
